yarn add v1.22.22
warning ../package.json: No license field
warning package-lock.json found. Your project contains lock files generated by tools other than Yarn. It is advised not to mix package managers in order to avoid resolution inconsistencies caused by unsynchronized lock files. To clear this warning, remove package-lock.json.
[1/4] Resolving packages...
[2/4] Fetching packages...
[3/4] Linking dependencies...
warning " > @mui/x-date-pickers@6.0.4" has unmet peer dependency "@mui/system@^5.4.1".
warning " > filestack-react@4.0.1" has incorrect peer dependency "react@^16.13.1".
warning " > filestack-react@4.0.1" has incorrect peer dependency "react-dom@^16.13.1".
warning " > ra-core@4.8.0" has unmet peer dependency "history@^5.1.0".
warning " > ra-core@4.8.0" has unmet peer dependency "react-router@^6.1.0".
warning " > react-dates@21.8.0" has incorrect peer dependency "react@^0.14 || ^15.5.4 || ^16.1.1".
warning " > react-dates@21.8.0" has incorrect peer dependency "react-dom@^0.14 || ^15.5.4 || ^16.1.1".
warning " > react-dates@21.8.0" has unmet peer dependency "react-with-direction@^1.3.1".
warning "react-dates > airbnb-prop-types@2.16.0" has incorrect peer dependency "react@^0.14 || ^15.0.0 || ^16.0.0-alpha".
warning "react-dates > react-with-direction@1.4.0" has incorrect peer dependency "react@^0.14 || ^15 || ^16".
warning "react-dates > react-with-direction@1.4.0" has incorrect peer dependency "react-dom@^0.14 || ^15 || ^16".
warning " > styled-components@5.3.6" has unmet peer dependency "react-is@>= 16.8.0".
warning " > babel-loader@8.2.5" has unmet peer dependency "webpack@>=2".
warning " > eslint-config-airbnb-typescript@17.0.0" has incorrect peer dependency "@typescript-eslint/eslint-plugin@^5.13.0".
warning " > eslint-config-airbnb-typescript@17.0.0" has incorrect peer dependency "@typescript-eslint/parser@^5.0.0".
warning " > eslint-config-node@4.1.0" has incorrect peer dependency "eslint@^6.0.0".
warning "@storybook/nextjs > style-loader@3.3.4" has unmet peer dependency "webpack@^5.0.0".
warning "@storybook/nextjs > @pmmmwh/react-refresh-webpack-plugin@0.5.11" has unmet peer dependency "webpack@>=4.43.0 <6.0.0".
warning "@storybook/nextjs > babel-loader@9.1.3" has unmet peer dependency "webpack@>=5".
warning "@storybook/nextjs > postcss-loader@7.3.4" has unmet peer dependency "webpack@^5.0.0".
warning "@storybook/nextjs > sass-loader@12.6.0" has unmet peer dependency "webpack@^5.0.0".
warning "@storybook/nextjs > node-polyfill-webpack-plugin@2.0.1" has unmet peer dependency "webpack@>=5".
[4/4] Building fresh packages...
error /home/metronom/Projects/stopover/app/node_modules/sharp: Command failed.
Exit code: 1
Command: (node install/libvips && node install/dll-copy && prebuild-install) || (node install/can-compile && node-gyp rebuild && node install/dll-copy)
Arguments: 
Directory: /home/metronom/Projects/stopover/app/node_modules/sharp
Output:
sharp: Downloading https://github.com/lovell/sharp-libvips/releases/download/v8.14.5/libvips-8.14.5-linux-x64.tar.br
sharp: Installation error: Request timed out
sharp: Please see https://sharp.pixelplumbing.com/install for required dependencies
info Visit https://yarnpkg.com/en/docs/cli/add for documentation about this command.
